Arguments: 
  /Users/bjhl/.nvm/versions/node/v10.12.0/bin/node /usr/local/Cellar/yarn/1.10.1/libexec/bin/yarn.js add electron-squirrel-startup

PATH: 
  /Users/bjhl/.nvm/versions/node/v10.12.0/bin:/usr/local/bin:/usr/bin:/bin:/usr/sbin:/sbin:/usr/local/mysql/bin

Yarn version: 
  1.10.1

Node version: 
  10.12.0

Platform: 
  darwin x64

Trace: 
  Error: https://registry.yarnpkg.com/electron-squirrel-startup: ESOCKETTIMEDOUT
      at ClientRequest.<anonymous> (/usr/local/Cellar/yarn/1.10.1/libexec/lib/cli.js:120793:19)
      at Object.onceWrapper (events.js:273:13)
      at ClientRequest.emit (events.js:182:13)
      at TLSSocket.emitRequestTimeout (_http_client.js:661:40)
      at Object.onceWrapper (events.js:273:13)
      at TLSSocket.emit (events.js:182:13)
      at TLSSocket.Socket._onTimeout (net.js:449:8)
      at ontimeout (timers.js:436:11)
      at tryOnTimeout (timers.js:300:5)
      at listOnTimeout (timers.js:263:5)

npm manifest: 
  {
    "name": "notepad",
    "productName": "notepad",
    "version": "1.0.0",
    "description": "My Electron application description",
    "main": "src/index.js",
    "scripts": {
      "start": "electron-forge start",
      "package": "electron-forge package",
      "make": "electron-forge make",
      "publish": "electron-forge publish",
      "lint": "echo \"No linting configured\""
    },
    "keywords": [],
    "author": "bjhl",
    "license": "MIT",
    "config": {
      "forge": {
        "packagerConfig": {},
        "makers": [
          {
            "name": "@electron-forge/maker-squirrel",
            "config": {
              "name": "notepad"
            }
          },
          {
            "name": "@electron-forge/maker-zip",
            "platforms": [
              "darwin"
            ]
          },
          {
            "name": "@electron-forge/maker-deb",
            "config": {}
          },
          {
            "name": "@electron-forge/maker-rpm",
            "config": {}
          }
        ]
      }
    }
  }

yarn manifest: 
  No manifest

Lockfile: 
  No lockfile
